<?xml version="1.0" encoding="UTF-8"?>
<!-- Generated by org.testng.reporters.JUnitReportReporter -->
<testsuite hostname="DESKTOP-LFNQ669" failures="0" tests="3" name="ui.LoginTest" time="0.021" errors="0" timestamp="2022-05-20T10:39:45 EDT" skipped="0">
  <testcase classname="ui.LoginTest" name="signinTest" time="0.012"/>
  <system-out/>
  <testcase classname="ui.LoginTest" name="dloginTest" time="0.004"/>
  <system-out/>
  <testcase classname="ui.LoginTest" name="alogoutTest" time="0.005"/>
  <system-out/>
</testsuite> <!-- ui.LoginTest -->
