<?xml version="1.0" encoding="UTF-8"?>
<!-- Generated by org.testng.reporters.JUnitReportReporter -->
<testsuite hostname="DESKTOP-LFNQ669" failures="0" tests="3" name="testNG.SkipDemoTest" time="0.014" errors="0" timestamp="2022-06-26T18:35:30 EDT" skipped="2">
  <testcase classname="testNG.SkipDemoTest" name="skipTest3" time="0.003"/>
  <system-out/>
  <testcase classname="testNG.SkipDemoTest" name="skipTest2" time="0.011">
    <skipped/>
  </testcase> <!-- skipTest2 -->
  <system-out/>
  <testcase classname="testNG.SkipDemoTest" name="skipTest1">
    <skipped/>
  </testcase> <!-- skipTest1 -->
  <system-out/>
</testsuite> <!-- testNG.SkipDemoTest -->
