<?xml version="1.0" encoding="UTF-8"?>
<!-- Generated by org.testng.reporters.JUnitReportReporter -->
<testsuite hostname="DESKTOP-LFNQ669" failures="0" tests="4" name="ui.GroupDemoTest2" time="0.013" errors="0" timestamp="2022-05-20T10:39:45 EDT" skipped="0">
  <testcase classname="ui.GroupDemoTest2" name="bTest3" time="0.005"/>
  <system-out/>
  <testcase classname="ui.GroupDemoTest2" name="bTest2" time="0.003"/>
  <system-out/>
  <testcase classname="ui.GroupDemoTest2" name="aloginTest" time="0.003"/>
  <system-out/>
  <testcase classname="ui.GroupDemoTest2" name="blogoutTest" time="0.002"/>
  <system-out/>
</testsuite> <!-- ui.GroupDemoTest2 -->
