<?xml version="1.0" encoding="UTF-8"?>
<!-- Generated by org.testng.reporters.JUnitReportReporter -->
<testsuite hostname="DESKTOP-LFNQ669" failures="0" tests="3" name="ui.SkipDemoTest" time="0.016" errors="0" timestamp="2022-06-26T18:04:46 EDT" skipped="2">
  <testcase classname="ui.SkipDemoTest" name="skipTest3" time="0.002"/>
  <system-out/>
  <testcase classname="ui.SkipDemoTest" name="skipTest2" time="0.014">
    <skipped/>
  </testcase> <!-- skipTest2 -->
  <system-out/>
  <testcase classname="ui.SkipDemoTest" name="skipTest1">
    <skipped/>
  </testcase> <!-- skipTest1 -->
  <system-out/>
</testsuite> <!-- ui.SkipDemoTest -->
