<?xml version="1.0" encoding="UTF-8"?>
<!-- Generated by org.testng.reporters.JUnitReportReporter -->
<testsuite hostname="DESKTOP-LFNQ669" failures="0" tests="9" name="ui.DataProviderDemo" time="0.021" errors="0" timestamp="2022-05-19T19:20:24 EDT" skipped="0">
  <testcase classname="ui.DataProviderDemo" name="test2" time="0.002"/>
  <system-out/>
  <testcase classname="ui.DataProviderDemo" name="test" time="0.002"/>
  <system-out/>
  <testcase classname="ui.DataProviderDemo" name="test1" time="0.002"/>
  <system-out/>
  <testcase classname="ui.DataProviderDemo" name="test2" time="0.001"/>
  <system-out/>
  <testcase classname="ui.DataProviderDemo" name="test1" time="0.002"/>
  <system-out/>
  <testcase classname="ui.DataProviderDemo" name="test2" time="0.001"/>
  <system-out/>
  <testcase classname="ui.DataProviderDemo" name="test" time="0.007"/>
  <system-out/>
  <testcase classname="ui.DataProviderDemo" name="test" time="0.002"/>
  <system-out/>
  <testcase classname="ui.DataProviderDemo" name="test1" time="0.002"/>
  <system-out/>
</testsuite> <!-- ui.DataProviderDemo -->
