<?xml version="1.0" encoding="UTF-8"?>
<!-- Generated by org.testng.reporters.JUnitReportReporter -->
<testsuite hostname="DESKTOP-LFNQ669" failures="0" tests="4" name="ui.GroupDemo$aLoginTest" time="0.015" errors="0" timestamp="2022-05-18T18:45:27 EDT" skipped="0">
  <testcase classname="ui.GroupDemo$aLoginTest" name="bTest2" time="0.008"/>
  <system-out/>
  <testcase classname="ui.GroupDemo$aLoginTest" name="bTest3" time="0.003"/>
  <system-out/>
  <testcase classname="ui.GroupDemo$aLoginTest" name="dloginTest" time="0.002"/>
  <system-out/>
  <testcase classname="ui.GroupDemo$aLoginTest" name="blogoutTest" time="0.002"/>
  <system-out/>
</testsuite> <!-- ui.GroupDemo$aLoginTest -->
