<?xml version="1.0" encoding="UTF-8"?>
<!-- Generated by org.testng.reporters.JUnitReportReporter -->
<testsuite hostname="DESKTOP-LFNQ669" failures="0" tests="8" name="ui.DataProviderDemo2test" time="39.658" errors="0" timestamp="2022-05-19T18:59:46 EDT" skipped="0">
  <testcase classname="ui.DataProviderDemo2test" name="test1" time="9.223"/>
  <system-out/>
  <testcase classname="ui.DataProviderDemo2test" name="test" time="0.004"/>
  <system-out/>
  <testcase classname="ui.DataProviderDemo2test" name="test1" time="14.296"/>
  <system-out/>
  <testcase classname="ui.DataProviderDemo2test" name="test" time="0.007"/>
  <system-out/>
  <testcase classname="ui.DataProviderDemo2test" name="test1" time="9.081"/>
  <system-out/>
  <testcase classname="ui.DataProviderDemo2test" name="test1" time="7.043"/>
  <system-out/>
  <testcase classname="ui.DataProviderDemo2test" name="test" time="0.002"/>
  <system-out/>
  <testcase classname="ui.DataProviderDemo2test" name="test" time="0.002"/>
  <system-out/>
</testsuite> <!-- ui.DataProviderDemo2test -->
